<?xml version="1.0" encoding="UTF-8"?>
<!-- Generated by org.testng.reporters.JUnitReportReporter -->
<testsuite hostname="niveus-HP-EliteBook-820-G3" failures="0" tests="1" name="tests.GlowGoldScreenTest" time="71.607" errors="0" timestamp="2022-04-19T17:59:15 IST" skipped="0">
  <testcase classname="tests.GlowGoldScreenTest" name="glowGoldScreenTest" time="71.607"/>
  <system-out>
    <![CDATA[verifying the gold reward functionality please wait......]]>
  </system-out>
</testsuite> <!-- tests.GlowGoldScreenTest -->
