<?xml version="1.0" encoding="UTF-8"?>
<!-- Generated by org.testng.reporters.JUnitReportReporter -->
<testsuite hostname="niveus-HP-EliteBook-820-G3" failures="0" tests="1" name="tests.HamburgerMenuTest" time="16.326" errors="0" timestamp="2022-04-18T13:54:46 IST" skipped="0">
  <testcase classname="tests.HamburgerMenuTest" name="hamburgerLabelTest" time="16.326"/>
  <system-out>
    <![CDATA[Verifying the hamburger menus ......please wait.!!!....
Scrolling the screen please wait..!!!!!1
Scroll to bottom  completed..!!!..please continue]]>
  </system-out>
</testsuite> <!-- tests.HamburgerMenuTest -->
