<?xml version="1.0" encoding="UTF-8"?>
<!-- Generated by org.testng.reporters.JUnitReportReporter -->
<testsuite hostname="niveus-HP-EliteBook-820-G3" failures="0" tests="1" name="tests.GlowPlatinumTest" time="83.529" errors="0" timestamp="2022-04-19T18:09:25 IST" skipped="0">
  <testcase classname="tests.GlowPlatinumTest" name="glowPlatinumScreenTest" time="83.529"/>
  <system-out>
    <![CDATA[verifying the platinum glow reward functionality...please wait...!!!!]]>
  </system-out>
</testsuite> <!-- tests.GlowPlatinumTest -->
