<?xml version="1.0" encoding="UTF-8"?>
<!-- Generated by org.testng.reporters.JUnitReportReporter -->
<testsuite hostname="niveus-HP-EliteBook-820-G3" failures="0" tests="1" name="tests.WishListTest" time="51.277" errors="0" timestamp="2022-04-21T12:54:43 IST" skipped="0">
  <testcase classname="tests.WishListTest" name="add_To_WishList" time="51.277"/>
  <system-out/>
</testsuite> <!-- tests.WishListTest -->
