<?xml version="1.0" encoding="UTF-8"?>
<!-- Generated by org.testng.reporters.JUnitReportReporter -->
<testsuite hostname="niveus-HP-EliteBook-820-G3" failures="0" tests="3" name="tests.LandingScreenTest" time="77.275" errors="0" timestamp="2022-04-18T12:56:41 IST" skipped="0">
  <testcase classname="tests.LandingScreenTest" name="splashScreenTest" time="29.852"/>
  <system-out>
    <![CDATA[Verifying the splash screen.....Please wait....!!!]]>
  </system-out>
  <testcase classname="tests.LandingScreenTest" name="landingScreenLableTest" time="23.451"/>
  <system-out>
    <![CDATA[Verifying the landing  screen----------!!!]]>
  </system-out>
  <testcase classname="tests.LandingScreenTest" name="footerMenuTest" time="23.972"/>
  <system-out>
    <![CDATA[Validating the footer menu ....Please wait....!!!!]]>
  </system-out>
</testsuite> <!-- tests.LandingScreenTest -->
