<?xml version="1.0" encoding="UTF-8"?>
<!-- Generated by org.testng.reporters.JUnitReportReporter -->
<testsuite hostname="niveus-HP-EliteBook-820-G3" failures="0" tests="2" name="tests.StoreLocatorTest" time="38.976" errors="0" timestamp="2022-04-19T16:04:13 IST" skipped="0">
  <testcase classname="tests.StoreLocatorTest" name="locateStoreTest" time="29.783"/>
  <system-out>
    <![CDATA[verifying the locate store  functionality..please wait..!!!]]>
  </system-out>
  <testcase classname="tests.StoreLocatorTest" name="noStoreFoundTest" time="9.193"/>
  <system-out>
    <![CDATA[verifying the store not found scenario ..please wait..!!!]]>
  </system-out>
</testsuite> <!-- tests.StoreLocatorTest -->
