<?xml version="1.0" encoding="UTF-8"?>
<!-- Generated by org.testng.reporters.JUnitReportReporter -->
<testsuite hostname="niveus-HP-EliteBook-820-G3" failures="0" tests="7" name="tests.SettingScreenTest" time="157.683" errors="0" timestamp="2022-04-19T14:58:20 IST" skipped="1">
  <testcase classname="tests.SettingScreenTest" name="notificationSettingTest" time="28.100"/>
  <system-out>
    <![CDATA[verifying the notification functionality...Please wait...!!!]]>
  </system-out>
  <testcase classname="tests.SettingScreenTest" name="samePasswordValidationTest" time="19.537"/>
  <system-out>
    <![CDATA[verifying the duplicate password scenario...Please wait...!!!]]>
  </system-out>
  <testcase classname="tests.SettingScreenTest" name="passwordLengthTest" time="27.134"/>
  <system-out>
    <![CDATA[verifying the password length...Please wait...!!!]]>
  </system-out>
  <testcase classname="tests.SettingScreenTest" name="invalidPwdTest" time="31.313"/>
  <system-out>
    <![CDATA[verifying the invalid password scenario...Please wait...!!!]]>
  </system-out>
  <testcase classname="tests.SettingScreenTest" name="policiesTest" time="34.098"/>
  <system-out>
    <![CDATA[verifying the policies screen ...Please wait...!!!
Scrolling the screen please wait..!!!!!1
Scroll to bottom  completed..!!!..please continue
Scrolling the screen please wait..!!!!!1
Scroll to bottom  completed..!!!..please continue
Scrolling the screen please wait..!!!!!1
Scroll to bottom  completed..!!!..please continue]]>
  </system-out>
  <testcase classname="tests.SettingScreenTest" name="logoutTest" time="17.501"/>
  <system-out>
    <![CDATA[verifying the logout functionality...Please wait...!!!]]>
  </system-out>
  <testcase classname="tests.SettingScreenTest" name="resetPasswordTest">
    <skipped/>
  </testcase> <!-- resetPasswordTest -->
  <system-out/>
</testsuite> <!-- tests.SettingScreenTest -->
