<?xml version="1.0" encoding="UTF-8"?>
<!-- Generated by org.testng.reporters.JUnitReportReporter -->
<testsuite hostname="niveus-HP-EliteBook-820-G3" failures="0" tests="1" name="tests.GlowSilverTest" time="56.730" errors="0" timestamp="2022-04-19T17:47:37 IST" skipped="0">
  <testcase classname="tests.GlowSilverTest" name="silverScreenTest" time="56.730"/>
  <system-out>
    <![CDATA[verifying the silver reward screen please wait...!!!]]>
  </system-out>
</testsuite> <!-- tests.GlowSilverTest -->
