<?xml version="1.0" encoding="UTF-8"?>
<!-- Generated by org.testng.reporters.JUnitReportReporter -->
<testsuite hostname="niveus-HP-EliteBook-820-G3" failures="0" tests="4" name="tests.RegisterTest" time="15.542" errors="0" timestamp="2022-04-18T20:23:52 IST" skipped="1">
  <testcase classname="tests.RegisterTest" name="RegisterScrnTest" time="4.902"/>
  <system-out>
    <![CDATA[Verifying the register screen please wait....!!!!]]>
  </system-out>
  <testcase classname="tests.RegisterTest" name="clickOnFacebookTest" time="4.391"/>
  <system-out>
    <![CDATA[Verifying the facebook Link screen please wait....!!!!]]>
  </system-out>
  <testcase classname="tests.RegisterTest" name="clickOnGoogleTest" time="6.249"/>
  <system-out>
    <![CDATA[Verifying the googleLink screen please wait....!!!!]]>
  </system-out>
  <testcase classname="tests.RegisterTest" name="clickOnMobileTest">
    <skipped/>
  </testcase> <!-- clickOnMobileTest -->
  <system-out/>
</testsuite> <!-- tests.RegisterTest -->
