<?xml version="1.0" encoding="UTF-8"?>
<!-- Generated by org.testng.reporters.JUnitReportReporter -->
<testsuite hostname="niveus-HP-EliteBook-820-G3" failures="0" tests="1" name="tests.GlowTitaniumTest" time="29.604" errors="0" timestamp="2022-04-19T18:34:42 IST" skipped="0">
  <testcase classname="tests.GlowTitaniumTest" name="titaniumScreenTest" time="29.604"/>
  <system-out>
    <![CDATA[verifying the titanium glow reward..Please wait..!!!
Scrolling the screen please wait..!!!!!1
Scroll to bottom  completed..!!!..please continue]]>
  </system-out>
</testsuite> <!-- tests.GlowTitaniumTest -->
