<?xml version="1.0" encoding="UTF-8"?>
<!-- Generated by org.testng.reporters.JUnitReportReporter -->
<testsuite hostname="niveus-HP-EliteBook-820-G3" failures="0" tests="2" name="tests.EditProfileTest" time="80.571" errors="0" timestamp="2022-04-19T16:31:07 IST" skipped="0">
  <testcase classname="tests.EditProfileTest" name="editProfileScreenTest" time="53.359"/>
  <system-out>
    <![CDATA[verifying the edit profile functionality...plese wait....!!!]]>
  </system-out>
  <testcase classname="tests.EditProfileTest" name="uploadProfileImage" time="27.212"/>
  <system-out>
    <![CDATA[verifying the uplod profile  functionality....Please wait...!!!!!
Selected the gallery option.......
Permission allowed.......
Selected the image.......
Clicked on save btn.......]]>
  </system-out>
</testsuite> <!-- tests.EditProfileTest -->
