<?xml version="1.0" encoding="UTF-8"?>
<!-- Generated by org.testng.reporters.JUnitReportReporter -->
<testsuite hostname="niveus-HP-EliteBook-820-G3" failures="0" tests="2" name="tests.GiftCardTest" time="171.060" errors="0" timestamp="2022-04-22T14:36:09 IST" skipped="0">
  <testcase classname="tests.GiftCardTest" name="bulk_Purchase_Test" time="85.034"/>
  <system-out>
    <![CDATA[Scrolling the screen please wait..!!!!!1
Scroll to bottom  completed..!!!..please continue
Scrolling the screen please wait..!!!!!1
Scroll to bottom  completed..!!!..please continue
Scrolling the screen please wait..!!!!!1
Scroll to top completed..!!!..please continue]]>
  </system-out>
  <testcase classname="tests.GiftCardTest" name="send_GiftCard_Test" time="86.026"/>
  <system-out>
    <![CDATA[Scrolling the screen please wait..!!!!!1
Scroll to bottom  completed..!!!..please continue]]>
  </system-out>
</testsuite> <!-- tests.GiftCardTest -->
