<?xml version="1.0" encoding="UTF-8"?>
<!-- Generated by org.testng.reporters.JUnitReportReporter -->
<testsuite hostname="niveus-HP-EliteBook-820-G3" failures="0" tests="1" name="tests.SearchTest" time="62.540" errors="0" timestamp="2022-04-22T18:05:32 IST" skipped="0">
  <testcase classname="tests.SearchTest" name="searchTest" time="62.540"/>
  <system-out/>
</testsuite> <!-- tests.SearchTest -->
