<?xml version="1.0" encoding="UTF-8"?>
<!-- Generated by org.testng.reporters.JUnitReportReporter -->
<testsuite hostname="niveus-HP-EliteBook-820-G3" failures="0" tests="1" name="tests.ProfileScreenTest" time="57.022" errors="0" timestamp="2022-04-18T20:08:01 IST" skipped="0">
  <testcase classname="tests.ProfileScreenTest" name="profileDeatilsTest" time="57.022"/>
  <system-out>
    <![CDATA[verifying the profile details...Please wait...!!!
Scrolling the screen please wait..!!!!!1
Scroll to bottom  completed..!!!..please continue
Scrolling the screen please wait..!!!!!1
Scroll to bottom  completed..!!!..please continue]]>
  </system-out>
</testsuite> <!-- tests.ProfileScreenTest -->
