<?xml version="1.0" encoding="UTF-8"?>
<!-- Generated by org.testng.reporters.JUnitReportReporter -->
<testsuite hostname="niveus-HP-EliteBook-820-G3" failures="0" tests="4" name="tests.LoginScreenTest" time="82.840" errors="0" timestamp="2022-04-18T15:10:49 IST" skipped="0">
  <testcase classname="tests.LoginScreenTest" name="clickOnGoogleTest" time="19.529"/>
  <system-out>
    <![CDATA[clicking on the Google Link Please wait....!!!
Success..!!!!!]]>
  </system-out>
  <testcase classname="tests.LoginScreenTest" name="LoginScrnTest" time="26.940"/>
  <system-out>
    <![CDATA[Verifying the login popup....Please wait..!!!!]]>
  </system-out>
  <testcase classname="tests.LoginScreenTest" name="clickOnMobileTest" time="27.651"/>
  <system-out>
    <![CDATA[clicking on the Mobile Link Please wait....!!!]]>
  </system-out>
  <testcase classname="tests.LoginScreenTest" name="clickOnFacebookTest" time="8.720"/>
  <system-out>
    <![CDATA[clicking on the Facebook Link Please wait....!!!
Success..!!!!!]]>
  </system-out>
</testsuite> <!-- tests.LoginScreenTest -->
