<?xml version="1.0" encoding="UTF-8"?>
<!-- Generated by org.testng.reporters.JUnitReportReporter -->
<testsuite hostname="niveus-HP-EliteBook-820-G3" failures="0" tests="3" name="tests.GlowRewardScreenTest" time="110.665" errors="0" timestamp="2022-04-19T17:40:47 IST" skipped="1">
  <testcase classname="tests.GlowRewardScreenTest" name="glowScreenTest" time="45.240"/>
  <system-out>
    <![CDATA[verifying the glow reward functionality.....please wait...!!!
Scrolling the screen please wait..!!!!!1
Scroll to bottom  completed..!!!..please continue]]>
  </system-out>
  <testcase classname="tests.GlowRewardScreenTest" name="knowMoreLinkTest" time="65.425"/>
  <system-out>
    <![CDATA[verifying the know more link  functionality.....please wait...!!!
Scrolling the screen please wait..!!!!!1
Scroll to bottom  completed..!!!..please continue]]>
  </system-out>
  <testcase classname="tests.GlowRewardScreenTest" name="faqsTest">
    <skipped/>
  </testcase> <!-- faqsTest -->
  <system-out/>
</testsuite> <!-- tests.GlowRewardScreenTest -->
