<?xml version="1.0" encoding="UTF-8"?>
<!-- Generated by org.testng.reporters.JUnitReportReporter -->
<testsuite hostname="niveus-HP-EliteBook-820-G3" failures="0" tests="3" name="tests.LoginwithMobileTest" time="75.851" errors="0" timestamp="2022-04-18T19:31:40 IST" skipped="0">
  <testcase classname="tests.LoginwithMobileTest" name="forgotPaswordTest" time="11.967"/>
  <system-out>
    <![CDATA[verifying the forgot password functionality please wait...!!!........]]>
  </system-out>
  <testcase classname="tests.LoginwithMobileTest" name="otpResendTest" time="35.344"/>
  <system-out>
    <![CDATA[Verifying the  Otp functionality please wait....!!!..]]>
  </system-out>
  <testcase classname="tests.LoginwithMobileTest" name="loginTest" time="28.540"/>
  <system-out>
    <![CDATA[Verify Login functionality please wait......!!!.....]]>
  </system-out>
</testsuite> <!-- tests.LoginwithMobileTest -->
