<?xml version="1.0" encoding="UTF-8"?>
<!-- Generated by org.testng.reporters.JUnitReportReporter -->
<testsuite skipped="0" hostname="rashwin" name="tests.Demo" tests="1" failures="0" timestamp="2022-01-22T17:27:41 IST" time="3.431" errors="0">
  <testcase name="launchApp" time="3.431" classname="tests.Demo"/>
  <system-out/>
</testsuite> <!-- tests.Demo -->
